<?xml version="1.0" encoding="UTF-8"?>
<testsuite xmlns:xsi="http://www.w3.org/2001/XMLSchema-instance" xsi:noNamespaceSchemaLocation="https://maven.apache.org/surefire/maven-surefire-plugin/xsd/surefire-test-report.xsd" name="com.utece.student.llpdetection.AppTest" time="0.018" tests="1" errors="0" skipped="0" failures="0">
  <properties>
    <property name="exec.mainClass" value="com.utece.student.llpdetection.agents.Launcher"/>
    <property name="java.specification.version" value="20"/>
    <property name="sun.jnu.encoding" value="UTF-8"/>
    <property name="java.class.path" value="/Users/blake/Documents/UT_Masters/Parallel_Algorithms/parallel_algorithms/term_project/parallelpredicatedetection/my-app/target/test-classes:/Users/blake/Documents/UT_Masters/Parallel_Algorithms/parallel_algorithms/term_project/parallelpredicatedetection/my-app/target/classes:/Users/blake/.m2/repository/com/github/olivergondza/maven-jdk-tools-wrapper/0.1/maven-jdk-tools-wrapper-0.1.jar:/Users/blake/.m2/repository/junit/junit/4.11/junit-4.11.jar:/Users/blake/.m2/repository/org/hamcrest/hamcrest-core/1.3/hamcrest-core-1.3.jar:/Users/blake/.m2/repository/org/codehaus/mojo/exec-maven-plugin/3.1.0/exec-maven-plugin-3.1.0.jar:/Users/blake/.m2/repository/org/codehaus/plexus/plexus-utils/3.4.2/plexus-utils-3.4.2.jar:/Users/blake/.m2/repository/org/apache/commons/commons-exec/1.3/commons-exec-1.3.jar:/Users/blake/.m2/repository/net/java/dev/jna/jna/5.13.0/jna-5.13.0.jar:/Users/blake/.m2/repository/org/apache/maven/plugins/maven-compiler-plugin/3.8.1/maven-compiler-plugin-3.8.1.jar:/Users/blake/.m2/repository/org/apache/maven/maven-plugin-api/3.0/maven-plugin-api-3.0.jar:/Users/blake/.m2/repository/org/apache/maven/maven-model/3.0/maven-model-3.0.jar:/Users/blake/.m2/repository/org/sonatype/sisu/sisu-inject-plexus/1.4.2/sisu-inject-plexus-1.4.2.jar:/Users/blake/.m2/repository/org/sonatype/sisu/sisu-inject-bean/1.4.2/sisu-inject-bean-1.4.2.jar:/Users/blake/.m2/repository/org/sonatype/sisu/sisu-guice/2.1.7/sisu-guice-2.1.7-noaop.jar:/Users/blake/.m2/repository/org/apache/maven/maven-artifact/3.0/maven-artifact-3.0.jar:/Users/blake/.m2/repository/org/apache/maven/maven-core/3.0/maven-core-3.0.jar:/Users/blake/.m2/repository/org/apache/maven/maven-settings/3.0/maven-settings-3.0.jar:/Users/blake/.m2/repository/org/apache/maven/maven-settings-builder/3.0/maven-settings-builder-3.0.jar:/Users/blake/.m2/repository/org/apache/maven/maven-repository-metadata/3.0/maven-repository-metadata-3.0.jar:/Users/blake/.m2/repository/org/apache/maven/maven-model-builder/3.0/maven-model-builder-3.0.jar:/Users/blake/.m2/repository/org/apache/maven/maven-aether-provider/3.0/maven-aether-provider-3.0.jar:/Users/blake/.m2/repository/org/sonatype/aether/aether-impl/1.7/aether-impl-1.7.jar:/Users/blake/.m2/repository/org/sonatype/aether/aether-spi/1.7/aether-spi-1.7.jar:/Users/blake/.m2/repository/org/sonatype/aether/aether-api/1.7/aether-api-1.7.jar:/Users/blake/.m2/repository/org/sonatype/aether/aether-util/1.7/aether-util-1.7.jar:/Users/blake/.m2/repository/org/codehaus/plexus/plexus-interpolation/1.14/plexus-interpolation-1.14.jar:/Users/blake/.m2/repository/org/codehaus/plexus/plexus-classworlds/2.2.3/plexus-classworlds-2.2.3.jar:/Users/blake/.m2/repository/org/codehaus/plexus/plexus-component-annotations/1.5.5/plexus-component-annotations-1.5.5.jar:/Users/blake/.m2/repository/org/sonatype/plexus/plexus-sec-dispatcher/1.3/plexus-sec-dispatcher-1.3.jar:/Users/blake/.m2/repository/org/sonatype/plexus/plexus-cipher/1.4/plexus-cipher-1.4.jar:/Users/blake/.m2/repository/org/apache/maven/shared/maven-shared-utils/3.2.1/maven-shared-utils-3.2.1.jar:/Users/blake/.m2/repository/commons-io/commons-io/2.5/commons-io-2.5.jar:/Users/blake/.m2/repository/org/apache/maven/shared/maven-shared-incremental/1.1/maven-shared-incremental-1.1.jar:/Users/blake/.m2/repository/org/codehaus/plexus/plexus-java/0.9.10/plexus-java-0.9.10.jar:/Users/blake/.m2/repository/org/ow2/asm/asm/6.2/asm-6.2.jar:/Users/blake/.m2/repository/com/thoughtworks/qdox/qdox/2.0-M8/qdox-2.0-M8.jar:/Users/blake/.m2/repository/org/codehaus/plexus/plexus-compiler-api/2.8.4/plexus-compiler-api-2.8.4.jar:/Users/blake/.m2/repository/org/codehaus/plexus/plexus-compiler-manager/2.8.4/plexus-compiler-manager-2.8.4.jar:/Users/blake/.m2/repository/org/codehaus/plexus/plexus-compiler-javac/2.8.4/plexus-compiler-javac-2.8.4.jar:/Users/blake/.m2/repository/org/javassist/javassist/3.21.0-GA/javassist-3.21.0-GA.jar:"/>
    <property name="java.vm.vendor" value="MacPorts"/>
    <property name="sun.arch.data.model" value="64"/>
    <property name="java.vendor.url" value="https://www.macports.org"/>
    <property name="os.name" value="Mac OS X"/>
    <property name="java.vm.specification.version" value="20"/>
    <property name="sun.java.launcher" value="SUN_STANDARD"/>
    <property name="user.country" value="US"/>
    <property name="sun.boot.library.path" value="/opt/local/Library/Java/JavaVirtualMachines/openjdk20/Contents/Home/lib"/>
    <property name="sun.java.command" value="/Users/blake/Documents/UT_Masters/Parallel_Algorithms/parallel_algorithms/term_project/parallelpredicatedetection/my-app/target/surefire/surefirebooter6813415480790005007.jar /Users/blake/Documents/UT_Masters/Parallel_Algorithms/parallel_algorithms/term_project/parallelpredicatedetection/my-app/target/surefire 2023-11-14T20-58-36_633-jvmRun1 surefire17404002720170957210tmp surefire_01890591862100466685tmp"/>
    <property name="http.nonProxyHosts" value="local|*.local|169.254/16|*.169.254/16"/>
    <property name="jdk.debug" value="release"/>
    <property name="surefire.test.class.path" value="/Users/blake/Documents/UT_Masters/Parallel_Algorithms/parallel_algorithms/term_project/parallelpredicatedetection/my-app/target/test-classes:/Users/blake/Documents/UT_Masters/Parallel_Algorithms/parallel_algorithms/term_project/parallelpredicatedetection/my-app/target/classes:/Users/blake/.m2/repository/com/github/olivergondza/maven-jdk-tools-wrapper/0.1/maven-jdk-tools-wrapper-0.1.jar:/Users/blake/.m2/repository/junit/junit/4.11/junit-4.11.jar:/Users/blake/.m2/repository/org/hamcrest/hamcrest-core/1.3/hamcrest-core-1.3.jar:/Users/blake/.m2/repository/org/codehaus/mojo/exec-maven-plugin/3.1.0/exec-maven-plugin-3.1.0.jar:/Users/blake/.m2/repository/org/codehaus/plexus/plexus-utils/3.4.2/plexus-utils-3.4.2.jar:/Users/blake/.m2/repository/org/apache/commons/commons-exec/1.3/commons-exec-1.3.jar:/Users/blake/.m2/repository/net/java/dev/jna/jna/5.13.0/jna-5.13.0.jar:/Users/blake/.m2/repository/org/apache/maven/plugins/maven-compiler-plugin/3.8.1/maven-compiler-plugin-3.8.1.jar:/Users/blake/.m2/repository/org/apache/maven/maven-plugin-api/3.0/maven-plugin-api-3.0.jar:/Users/blake/.m2/repository/org/apache/maven/maven-model/3.0/maven-model-3.0.jar:/Users/blake/.m2/repository/org/sonatype/sisu/sisu-inject-plexus/1.4.2/sisu-inject-plexus-1.4.2.jar:/Users/blake/.m2/repository/org/sonatype/sisu/sisu-inject-bean/1.4.2/sisu-inject-bean-1.4.2.jar:/Users/blake/.m2/repository/org/sonatype/sisu/sisu-guice/2.1.7/sisu-guice-2.1.7-noaop.jar:/Users/blake/.m2/repository/org/apache/maven/maven-artifact/3.0/maven-artifact-3.0.jar:/Users/blake/.m2/repository/org/apache/maven/maven-core/3.0/maven-core-3.0.jar:/Users/blake/.m2/repository/org/apache/maven/maven-settings/3.0/maven-settings-3.0.jar:/Users/blake/.m2/repository/org/apache/maven/maven-settings-builder/3.0/maven-settings-builder-3.0.jar:/Users/blake/.m2/repository/org/apache/maven/maven-repository-metadata/3.0/maven-repository-metadata-3.0.jar:/Users/blake/.m2/repository/org/apache/maven/maven-model-builder/3.0/maven-model-builder-3.0.jar:/Users/blake/.m2/repository/org/apache/maven/maven-aether-provider/3.0/maven-aether-provider-3.0.jar:/Users/blake/.m2/repository/org/sonatype/aether/aether-impl/1.7/aether-impl-1.7.jar:/Users/blake/.m2/repository/org/sonatype/aether/aether-spi/1.7/aether-spi-1.7.jar:/Users/blake/.m2/repository/org/sonatype/aether/aether-api/1.7/aether-api-1.7.jar:/Users/blake/.m2/repository/org/sonatype/aether/aether-util/1.7/aether-util-1.7.jar:/Users/blake/.m2/repository/org/codehaus/plexus/plexus-interpolation/1.14/plexus-interpolation-1.14.jar:/Users/blake/.m2/repository/org/codehaus/plexus/plexus-classworlds/2.2.3/plexus-classworlds-2.2.3.jar:/Users/blake/.m2/repository/org/codehaus/plexus/plexus-component-annotations/1.5.5/plexus-component-annotations-1.5.5.jar:/Users/blake/.m2/repository/org/sonatype/plexus/plexus-sec-dispatcher/1.3/plexus-sec-dispatcher-1.3.jar:/Users/blake/.m2/repository/org/sonatype/plexus/plexus-cipher/1.4/plexus-cipher-1.4.jar:/Users/blake/.m2/repository/org/apache/maven/shared/maven-shared-utils/3.2.1/maven-shared-utils-3.2.1.jar:/Users/blake/.m2/repository/commons-io/commons-io/2.5/commons-io-2.5.jar:/Users/blake/.m2/repository/org/apache/maven/shared/maven-shared-incremental/1.1/maven-shared-incremental-1.1.jar:/Users/blake/.m2/repository/org/codehaus/plexus/plexus-java/0.9.10/plexus-java-0.9.10.jar:/Users/blake/.m2/repository/org/ow2/asm/asm/6.2/asm-6.2.jar:/Users/blake/.m2/repository/com/thoughtworks/qdox/qdox/2.0-M8/qdox-2.0-M8.jar:/Users/blake/.m2/repository/org/codehaus/plexus/plexus-compiler-api/2.8.4/plexus-compiler-api-2.8.4.jar:/Users/blake/.m2/repository/org/codehaus/plexus/plexus-compiler-manager/2.8.4/plexus-compiler-manager-2.8.4.jar:/Users/blake/.m2/repository/org/codehaus/plexus/plexus-compiler-javac/2.8.4/plexus-compiler-javac-2.8.4.jar:/Users/blake/.m2/repository/org/javassist/javassist/3.21.0-GA/javassist-3.21.0-GA.jar:"/>
    <property name="sun.cpu.endian" value="little"/>
    <property name="user.home" value="/Users/blake"/>
    <property name="user.language" value="en"/>
    <property name="java.specification.vendor" value="Oracle Corporation"/>
    <property name="java.version.date" value="2023-07-18"/>
    <property name="java.home" value="/opt/local/Library/Java/JavaVirtualMachines/openjdk20/Contents/Home"/>
    <property name="file.separator" value="/"/>
    <property name="basedir" value="/Users/blake/Documents/UT_Masters/Parallel_Algorithms/parallel_algorithms/term_project/parallelpredicatedetection/my-app"/>
    <property name="java.vm.compressedOopsMode" value="Zero based"/>
    <property name="line.separator" value="&#10;"/>
    <property name="java.vm.specification.vendor" value="Oracle Corporation"/>
    <property name="java.specification.name" value="Java Platform API Specification"/>
    <property name="apple.awt.application.name" value="ForkedBooter"/>
    <property name="surefire.real.class.path" value="/Users/blake/Documents/UT_Masters/Parallel_Algorithms/parallel_algorithms/term_project/parallelpredicatedetection/my-app/target/surefire/surefirebooter6813415480790005007.jar"/>
    <property name="sun.management.compiler" value="HotSpot 64-Bit Tiered Compilers"/>
    <property name="ftp.nonProxyHosts" value="local|*.local|169.254/16|*.169.254/16"/>
    <property name="java.runtime.version" value="20.0.2+9"/>
    <property name="user.name" value="blake"/>
    <property name="stdout.encoding" value="UTF-8"/>
    <property name="path.separator" value=":"/>
    <property name="os.version" value="13.6"/>
    <property name="java.runtime.name" value="OpenJDK Runtime Environment"/>
    <property name="file.encoding" value="UTF-8"/>
    <property name="java.vm.name" value="OpenJDK 64-Bit Server VM"/>
    <property name="localRepository" value="/Users/blake/.m2/repository"/>
    <property name="java.vendor.url.bug" value="https://trac.macports.org/newticket?port=openjdk20"/>
    <property name="java.io.tmpdir" value="/var/folders/ng/hx_9wl6s1d55jwt8dhdf1cfm0000gn/T/"/>
    <property name="idea.version" value="2023.2"/>
    <property name="java.version" value="20.0.2"/>
    <property name="user.dir" value="/Users/blake/Documents/UT_Masters/Parallel_Algorithms/parallel_algorithms/term_project/parallelpredicatedetection/my-app"/>
    <property name="os.arch" value="x86_64"/>
    <property name="java.vm.specification.name" value="Java Virtual Machine Specification"/>
    <property name="native.encoding" value="UTF-8"/>
    <property name="java.library.path" value="/Users/blake/.m2/repository/com/utece/student/llpdetection/instrumentation/inlineassembly/libassembly/1.0/"/>
    <property name="java.vm.info" value="mixed mode, sharing"/>
    <property name="stderr.encoding" value="UTF-8"/>
    <property name="java.vendor" value="MacPorts"/>
    <property name="java.vm.version" value="20.0.2+9"/>
    <property name="sun.io.unicode.encoding" value="UnicodeBig"/>
    <property name="socksNonProxyHosts" value="local|*.local|169.254/16|*.169.254/16"/>
    <property name="java.class.version" value="64.0"/>
  </properties>
  <testcase name="shouldAnswerWithTrue" classname="com.utece.student.llpdetection.AppTest" time="0.003"/>
</testsuite>